2025-08-21 10:30:57,875 INFO: The hospital with IK 260100034 and Standortnummer 771320000 does not have an obstetrics department.
2025-08-21 10:30:57,875 INFO: The hospital with IK 260100034 and Standortnummer 771321000 does not have an obstetrics department.
2025-08-21 10:30:57,875 INFO: The hospital with IK 260100147 and Standortnummer 773063000 does not have an obstetrics department.
2025-08-21 10:30:57,875 INFO: The hospital with IK 260100170 and Standortnummer 771993000 does not have an obstetrics department.
2025-08-21 10:30:57,875 INFO: The hospital with IK 260100170 and Standortnummer 771994000 does not have an obstetrics department.
2025-08-21 10:30:57,875 INFO: The hospital with IK 260100238 and Standortnummer 771062000 does not have an obstetrics department.
2025-08-21 10:30:57,890 WARNING: For the hospital with IK 260100272 and Standortnummer 772245000, the street name was changed from : [[Parade (Der Krankenhausbetrieb am Standort 23552 Lübeck, Parade 3 ist seit dem 01.10.2023 eingestellt. Die Geburtshilfe befindet sich jetzt auf dem Campus des UKSH Lübeck.)]] to [[Parade]]
2025-08-21 10:30:57,890 INFO: The hospital with IK 260100318 and Standortnummer 772648000 does not have an obstetrics department.
2025-08-21 10:30:57,907 INFO: The hospital with IK 260100432 and Standortnummer 772343000 does not have an obstetrics department.
2025-08-21 10:30:57,907 INFO: The hospital with IK 260100432 and Standortnummer 772344000 does not have an obstetrics department.
2025-08-21 10:30:57,965 INFO: The hospital with IK 260100476 and Standortnummer 773753000 does not have an obstetrics department.
2025-08-21 10:30:57,968 INFO: Not enough births in hospital with IK 260100498 and Standortnummer 772457000 to report statistics.
2025-08-21 10:30:57,972 INFO: The hospital with IK 260100546 and Standortnummer 772751000 does not have an obstetrics department.
2025-08-21 10:30:57,973 INFO: The hospital with IK 260100546 and Standortnummer 772752000 does not have an obstetrics department.
2025-08-21 10:30:57,973 INFO: The hospital with IK 260100546 and Standortnummer 772753000 does not have an obstetrics department.
2025-08-21 10:30:57,973 INFO: The hospital with IK 260100546 and Standortnummer 773812000 does not have an obstetrics department.
2025-08-21 10:30:57,977 INFO: Not enough births in hospital with IK 260100557 and Standortnummer 772802000 to report statistics.
2025-08-21 10:30:57,983 WARNING: For the hospital with IK 260100557 and Standortnummer 772802000, the city name was changed from : [[Sylt/OT Westerland]] to [[Sylt]]
2025-08-21 10:30:57,985 INFO: The hospital with IK 260100580 and Standortnummer 771651000 does not have an obstetrics department.
2025-08-21 10:30:57,986 INFO: The hospital with IK 260100626 and Standortnummer 773004000 does not have an obstetrics department.
2025-08-21 10:30:57,987 INFO: The hospital with IK 260100626 and Standortnummer 773005000 does not have an obstetrics department.
2025-08-21 10:30:58,011 INFO: The hospital with IK 260100626 and Standortnummer 773007000 does not have an obstetrics department.
2025-08-21 10:30:58,012 INFO: The hospital with IK 260100659 and Standortnummer 772933000 does not have an obstetrics department.
2025-08-21 10:30:58,012 INFO: The hospital with IK 260100659 and Standortnummer 772934000 does not have an obstetrics department.
2025-08-21 10:30:58,013 INFO: The hospital with IK 260100659 and Standortnummer 772935000 does not have an obstetrics department.
2025-08-21 10:30:58,013 INFO: The hospital with IK 260100660 and Standortnummer 772926000 does not have an obstetrics department.
2025-08-21 10:30:58,014 INFO: The hospital with IK 260100660 and Standortnummer 772927000 does not have an obstetrics department.
2025-08-21 10:30:58,015 INFO: The hospital with IK 260100660 and Standortnummer 772928000 does not have an obstetrics department.
2025-08-21 10:30:58,015 INFO: The hospital with IK 260100660 and Standortnummer 772929000 does not have an obstetrics department.
2025-08-21 10:30:58,016 INFO: The hospital with IK 260100660 and Standortnummer 773086000 does not have an obstetrics department.
2025-08-21 10:30:58,017 INFO: The hospital with IK 260100682 and Standortnummer 771399000 does not have an obstetrics department.
2025-08-21 10:30:58,019 INFO: The hospital with IK 260100693 and Standortnummer 771825000 does not have an obstetrics department.
2025-08-21 10:30:58,020 INFO: The hospital with IK 260100706 and Standortnummer 772843000 does not have an obstetrics department.
2025-08-21 10:30:58,072 INFO: The hospital with IK 260100739 and Standortnummer 772625000 does not have an obstetrics department.
2025-08-21 10:30:58,072 INFO: The hospital with IK 260100739 and Standortnummer 772626000 does not have an obstetrics department.
2025-08-21 10:30:58,072 INFO: The hospital with IK 260100739 and Standortnummer 772628000 does not have an obstetrics department.
2025-08-21 10:30:58,088 INFO: The hospital with IK 260100831 and Standortnummer 773328000 does not have an obstetrics department.
2025-08-21 10:30:58,120 INFO: The hospital with IK 260100875 and Standortnummer 773202000 does not have an obstetrics department.
2025-08-21 10:30:58,151 INFO: The hospital with IK 260100922 and Standortnummer 773143000 does not have an obstetrics department.
2025-08-21 10:30:58,151 INFO: The hospital with IK 260100922 and Standortnummer 773144000 does not have an obstetrics department.
2025-08-21 10:30:58,151 INFO: The hospital with IK 260100922 and Standortnummer 773145000 does not have an obstetrics department.
2025-08-21 10:30:58,151 INFO: The hospital with IK 260100922 and Standortnummer 773146000 does not have an obstetrics department.
2025-08-21 10:30:58,151 INFO: The hospital with IK 260100922 and Standortnummer 773767000 does not have an obstetrics department.
2025-08-21 10:30:58,151 INFO: The hospital with IK 260101002 and Standortnummer 772517000 does not have an obstetrics department.
2025-08-21 10:30:58,151 INFO: The hospital with IK 260101024 and Standortnummer 773441000 does not have an obstetrics department.
2025-08-21 10:30:58,151 INFO: The hospital with IK 260101091 and Standortnummer 773366000 does not have an obstetrics department.
2025-08-21 10:30:58,151 INFO: The hospital with IK 260101104 and Standortnummer 771589000 does not have an obstetrics department.
2025-08-21 10:30:58,183 INFO: The hospital with IK 260101126 and Standortnummer 771943000 does not have an obstetrics department.
2025-08-21 10:30:58,215 INFO: The hospital with IK 260101137 and Standortnummer 772666000 does not have an obstetrics department.
2025-08-21 10:30:58,247 INFO: The hospital with IK 260101320 and Standortnummer 772449000 does not have an obstetrics department.
2025-08-21 10:30:58,247 INFO: The hospital with IK 260101331 and Standortnummer 772329000 does not have an obstetrics department.
2025-08-21 10:30:58,247 INFO: The hospital with IK 260101386 and Standortnummer 772545000 does not have an obstetrics department.
2025-08-21 10:30:58,247 INFO: The hospital with IK 260101444 and Standortnummer 772807000 does not have an obstetrics department.
2025-08-21 10:30:58,294 INFO: The hospital with IK 260101547 and Standortnummer 772535000 does not have an obstetrics department.
2025-08-21 10:30:58,294 INFO: The hospital with IK 260101547 and Standortnummer 772536000 does not have an obstetrics department.
2025-08-21 10:30:58,294 INFO: The hospital with IK 260101547 and Standortnummer 772538000 does not have an obstetrics department.
2025-08-21 10:30:58,294 INFO: The hospital with IK 260101809 and Standortnummer 771982000 does not have an obstetrics department.
2025-08-21 10:30:58,294 INFO: The hospital with IK 260101865 and Standortnummer 771041000 does not have an obstetrics department.
2025-08-21 10:30:58,332 INFO: The hospital with IK 260101923 and Standortnummer 773508000 does not have an obstetrics department.
2025-08-21 10:30:58,332 INFO: The hospital with IK 260101990 and Standortnummer 773038000 does not have an obstetrics department.
2025-08-21 10:30:58,333 INFO: The hospital with IK 260102014 and Standortnummer 771132000 does not have an obstetrics department.
2025-08-21 10:30:58,336 INFO: The hospital with IK 260102036 and Standortnummer 772748000 does not have an obstetrics department.
2025-08-21 10:30:58,337 INFO: The hospital with IK 260102047 and Standortnummer 772481000 does not have an obstetrics department.
2025-08-21 10:30:58,338 INFO: The hospital with IK 260102058 and Standortnummer 772645000 does not have an obstetrics department.
2025-08-21 10:30:58,340 INFO: The hospital with IK 260102105 and Standortnummer 773790000 does not have an obstetrics department.
2025-08-21 10:30:58,340 INFO: The hospital with IK 260102149 and Standortnummer 772115000 does not have an obstetrics department.
2025-08-21 10:30:58,356 INFO: The hospital with IK 260102150 and Standortnummer 773452000 does not have an obstetrics department.
2025-08-21 10:30:58,356 INFO: The hospital with IK 260102229 and Standortnummer 772870000 does not have an obstetrics department.
2025-08-21 10:30:58,359 INFO: The hospital with IK 260102230 and Standortnummer 772677000 does not have an obstetrics department.
2025-08-21 10:30:58,359 INFO: The hospital with IK 260102252 and Standortnummer 773466000 does not have an obstetrics department.
2025-08-21 10:30:58,359 INFO: The hospital with IK 260102343 and Standortnummer 773087000 does not have an obstetrics department.
2025-08-21 10:30:58,508 INFO: The hospital with IK 260102376 and Standortnummer 773239000 does not have an obstetrics department.
2025-08-21 10:30:58,508 INFO: The hospital with IK 260102376 and Standortnummer 773240000 does not have an obstetrics department.
2025-08-21 10:30:58,524 INFO: The hospital with IK 260102412 and Standortnummer 772925000 does not have an obstetrics department.
2025-08-21 10:30:58,524 INFO: The hospital with IK 260102423 and Standortnummer 772497000 does not have an obstetrics department.
2025-08-21 10:30:58,524 INFO: The hospital with IK 260102423 and Standortnummer 772498000 does not have an obstetrics department.
2025-08-21 10:30:58,574 INFO: The hospital with IK 260102467 and Standortnummer 771256000 does not have an obstetrics department.
2025-08-21 10:30:58,574 INFO: The hospital with IK 260102537 and Standortnummer 773241000 does not have an obstetrics department.
2025-08-21 10:30:58,574 INFO: The hospital with IK 260102582 and Standortnummer 772649000 does not have an obstetrics department.
2025-08-21 10:30:58,574 INFO: The hospital with IK 260102662 and Standortnummer 773350000 does not have an obstetrics department.
2025-08-21 10:30:58,574 INFO: The hospital with IK 260102673 and Standortnummer 773716000 does not have an obstetrics department.
2025-08-21 10:30:58,574 INFO: The hospital with IK 260102695 and Standortnummer 773670000 does not have an obstetrics department.
2025-08-21 10:30:58,691 INFO: The hospital with IK 260200024 and Standortnummer 772681000 does not have an obstetrics department.
2025-08-21 10:30:58,730 INFO: The hospital with IK 260200046 and Standortnummer 772530000 does not have an obstetrics department.
2025-08-21 10:30:58,779 INFO: The hospital with IK 260200079 and Standortnummer 771731000 does not have an obstetrics department.
2025-08-21 10:30:58,779 INFO: The hospital with IK 260200079 and Standortnummer 771732000 does not have an obstetrics department.
2025-08-21 10:30:58,780 INFO: The hospital with IK 260200079 and Standortnummer 771733000 does not have an obstetrics department.
2025-08-21 10:30:58,785 INFO: The hospital with IK 260200079 and Standortnummer 772901000 does not have an obstetrics department.
2025-08-21 10:30:58,789 INFO: The hospital with IK 260200091 and Standortnummer 773544000 does not have an obstetrics department.
2025-08-21 10:30:58,789 INFO: The hospital with IK 260200091 and Standortnummer 773545000 does not have an obstetrics department.
2025-08-21 10:30:58,790 INFO: The hospital with IK 260200091 and Standortnummer 773546000 does not have an obstetrics department.
2025-08-21 10:30:58,791 INFO: The hospital with IK 260200091 and Standortnummer 773572000 does not have an obstetrics department.
2025-08-21 10:30:58,854 INFO: The hospital with IK 260200193 and Standortnummer 773692000 does not have an obstetrics department.
2025-08-21 10:30:58,856 INFO: The hospital with IK 260200193 and Standortnummer 773693000 does not have an obstetrics department.
2025-08-21 10:30:58,873 INFO: The hospital with IK 260200217 and Standortnummer 771495000 does not have an obstetrics department.
2025-08-21 10:30:58,873 INFO: The hospital with IK 260200240 and Standortnummer 771793000 does not have an obstetrics department.
2025-08-21 10:30:58,873 INFO: The hospital with IK 260200240 and Standortnummer 771794000 does not have an obstetrics department.
2025-08-21 10:30:58,873 INFO: The hospital with IK 260200273 and Standortnummer 772762000 does not have an obstetrics department.
2025-08-21 10:30:58,873 INFO: The hospital with IK 260200273 and Standortnummer 772763000 does not have an obstetrics department.
2025-08-21 10:30:58,873 INFO: The hospital with IK 260200273 and Standortnummer 772764000 does not have an obstetrics department.
2025-08-21 10:30:58,873 INFO: The hospital with IK 260200273 and Standortnummer 772868000 does not have an obstetrics department.
2025-08-21 10:30:58,873 INFO: The hospital with IK 260200284 and Standortnummer 773032000 does not have an obstetrics department.
2025-08-21 10:30:58,873 INFO: The hospital with IK 260200319 and Standortnummer 771668000 does not have an obstetrics department.
2025-08-21 10:30:58,889 INFO: The hospital with IK 260200319 and Standortnummer 771669000 does not have an obstetrics department.
2025-08-21 10:30:58,889 INFO: The hospital with IK 260200319 and Standortnummer 771670000 does not have an obstetrics department.
2025-08-21 10:30:58,889 INFO: The hospital with IK 260200319 and Standortnummer 771671000 does not have an obstetrics department.
2025-08-21 10:30:58,889 INFO: The hospital with IK 260200319 and Standortnummer 771672000 does not have an obstetrics department.
2025-08-21 10:30:58,889 INFO: The hospital with IK 260200320 and Standortnummer 771358000 does not have an obstetrics department.
2025-08-21 10:30:58,889 INFO: The hospital with IK 260200375 and Standortnummer 772063000 does not have an obstetrics department.
2025-08-21 10:30:58,936 INFO: The hospital with IK 260200422 and Standortnummer 771677000 does not have an obstetrics department.
2025-08-21 10:30:58,936 INFO: The hospital with IK 260200547 and Standortnummer 771447000 does not have an obstetrics department.
2025-08-21 10:30:58,936 INFO: The hospital with IK 260200570 and Standortnummer 772380000 does not have an obstetrics department.
2025-08-21 10:30:58,936 INFO: The hospital with IK 260200865 and Standortnummer 773413000 does not have an obstetrics department.
2025-08-21 10:30:58,936 INFO: The hospital with IK 260200865 and Standortnummer 773414000 does not have an obstetrics department.
2025-08-21 10:30:58,936 INFO: The hospital with IK 260200865 and Standortnummer 773415000 does not have an obstetrics department.
2025-08-21 10:30:58,936 INFO: The hospital with IK 260200865 and Standortnummer 773462000 does not have an obstetrics department.
2025-08-21 10:30:58,984 INFO: The hospital with IK 260200865 and Standortnummer 773464000 does not have an obstetrics department.
2025-08-21 10:30:58,984 INFO: The hospital with IK 260200865 and Standortnummer 773754000 does not have an obstetrics department.
2025-08-21 10:30:58,984 INFO: The hospital with IK 260200865 and Standortnummer 773771000 does not have an obstetrics department.
2025-08-21 10:30:58,984 INFO: The hospital with IK 260200865 and Standortnummer 773851000 does not have an obstetrics department.
2025-08-21 10:30:58,984 INFO: The hospital with IK 260200898 and Standortnummer 771913000 does not have an obstetrics department.
2025-08-21 10:30:59,000 INFO: The hospital with IK 260201036 and Standortnummer 772159000 does not have an obstetrics department.
2025-08-21 10:30:59,054 INFO: The hospital with IK 260201229 and Standortnummer 771803000 does not have an obstetrics department.
2025-08-21 10:30:59,056 INFO: The hospital with IK 260201296 and Standortnummer 773453000 does not have an obstetrics department.
2025-08-21 10:30:59,057 INFO: The hospital with IK 260201309 and Standortnummer 773426000 does not have an obstetrics department.
2025-08-21 10:30:59,057 INFO: The hospital with IK 260201321 and Standortnummer 773568000 does not have an obstetrics department.
2025-08-21 10:30:59,060 INFO: The hospital with IK 260300069 and Standortnummer 772689000 does not have an obstetrics department.
2025-08-21 10:30:59,064 INFO: The hospital with IK 260300070 and Standortnummer 773011000 does not have an obstetrics department.
2025-08-21 10:30:59,065 INFO: The hospital with IK 260300105 and Standortnummer 771616000 does not have an obstetrics department.
2025-08-21 10:30:59,107 INFO: The hospital with IK 260300606 and Standortnummer 773847000 does not have an obstetrics department.
2025-08-21 10:30:59,124 INFO: The hospital with IK 260310027 and Standortnummer 772892000 does not have an obstetrics department.
2025-08-21 10:30:59,125 INFO: The hospital with IK 260310038 and Standortnummer 773538000 does not have an obstetrics department.
2025-08-21 10:30:59,126 INFO: The hospital with IK 260310107 and Standortnummer 772570000 does not have an obstetrics department.
2025-08-21 10:30:59,127 INFO: The hospital with IK 260310130 and Standortnummer 773567000 does not have an obstetrics department.
2025-08-21 10:30:59,129 INFO: The hospital with IK 260310209 and Standortnummer 772064000 does not have an obstetrics department.
2025-08-21 10:30:59,154 INFO: The hospital with IK 260310209 and Standortnummer 772363000 does not have an obstetrics department.
2025-08-21 10:30:59,158 INFO: The hospital with IK 260310243 and Standortnummer 772795000 does not have an obstetrics department.
2025-08-21 10:30:59,158 INFO: The hospital with IK 260310265 and Standortnummer 773576000 does not have an obstetrics department.
2025-08-21 10:30:59,158 INFO: The hospital with IK 260310323 and Standortnummer 773539000 does not have an obstetrics department.
2025-08-21 10:30:59,174 INFO: The hospital with IK 260310334 and Standortnummer 772917000 does not have an obstetrics department.
2025-08-21 10:30:59,174 INFO: The hospital with IK 260310345 and Standortnummer 772688000 does not have an obstetrics department.
2025-08-21 10:30:59,291 INFO: The hospital with IK 260310425 and Standortnummer 773428000 does not have an obstetrics department.
2025-08-21 10:30:59,291 INFO: The hospital with IK 260310425 and Standortnummer 773661000 does not have an obstetrics department.
2025-08-21 10:30:59,291 INFO: The hospital with IK 260310447 and Standortnummer 772684000 does not have an obstetrics department.
2025-08-21 10:30:59,341 INFO: The hospital with IK 260310562 and Standortnummer 772316000 does not have an obstetrics department.
2025-08-21 10:30:59,341 INFO: The hospital with IK 260310562 and Standortnummer 772317000 does not have an obstetrics department.
2025-08-21 10:30:59,341 INFO: The hospital with IK 260310562 and Standortnummer 772318000 does not have an obstetrics department.
2025-08-21 10:30:59,341 INFO: The hospital with IK 260310562 and Standortnummer 772319000 does not have an obstetrics department.
2025-08-21 10:30:59,341 INFO: The hospital with IK 260310562 and Standortnummer 772566000 does not have an obstetrics department.
2025-08-21 10:30:59,341 INFO: The hospital with IK 260310562 and Standortnummer 772567000 does not have an obstetrics department.
2025-08-21 10:30:59,341 INFO: The hospital with IK 260310562 and Standortnummer 773394000 does not have an obstetrics department.
2025-08-21 10:30:59,341 INFO: The hospital with IK 260310573 and Standortnummer 771488000 does not have an obstetrics department.
2025-08-21 10:30:59,341 INFO: The hospital with IK 260310573 and Standortnummer 771489000 does not have an obstetrics department.
2025-08-21 10:30:59,341 INFO: The hospital with IK 260310573 and Standortnummer 771490000 does not have an obstetrics department.
2025-08-21 10:30:59,341 INFO: The hospital with IK 260310573 and Standortnummer 771491000 does not have an obstetrics department.
2025-08-21 10:30:59,391 INFO: The hospital with IK 260310642 and Standortnummer 772724000 does not have an obstetrics department.
2025-08-21 10:30:59,391 INFO: The hospital with IK 260310653 and Standortnummer 773392000 does not have an obstetrics department.
2025-08-21 10:30:59,425 INFO: The hospital with IK 260310733 and Standortnummer 771218000 does not have an obstetrics department.
2025-08-21 10:30:59,475 INFO: The hospital with IK 260310959 and Standortnummer 773727000 does not have an obstetrics department.
2025-08-21 10:30:59,475 INFO: The hospital with IK 260310959 and Standortnummer 773728000 does not have an obstetrics department.
2025-08-21 10:30:59,475 INFO: The hospital with IK 260311006 and Standortnummer 772540000 does not have an obstetrics department.
2025-08-21 10:30:59,512 INFO: The hospital with IK 260311197 and Standortnummer 772632000 does not have an obstetrics department.
2025-08-21 10:30:59,526 INFO: The hospital with IK 260320018 and Standortnummer 772520000 does not have an obstetrics department.
2025-08-21 10:30:59,526 INFO: The hospital with IK 260320212 and Standortnummer 773071000 does not have an obstetrics department.
2025-08-21 10:30:59,526 INFO: The hospital with IK 260320212 and Standortnummer 773072000 does not have an obstetrics department.
2025-08-21 10:30:59,526 INFO: The hospital with IK 260320212 and Standortnummer 773073000 does not have an obstetrics department.
2025-08-21 10:30:59,526 INFO: The hospital with IK 260320267 and Standortnummer 771622000 does not have an obstetrics department.
2025-08-21 10:30:59,569 INFO: The hospital with IK 260320289 and Standortnummer 772869000 does not have an obstetrics department.
2025-08-21 10:30:59,573 INFO: The hospital with IK 260320303 and Standortnummer 771264000 does not have an obstetrics department.
2025-08-21 10:30:59,606 INFO: The hospital with IK 260320450 and Standortnummer 772573000 does not have an obstetrics department.
2025-08-21 10:30:59,611 INFO: The hospital with IK 260320494 and Standortnummer 771605000 does not have an obstetrics department.
2025-08-21 10:30:59,612 INFO: The hospital with IK 260320508 and Standortnummer 772824000 does not have an obstetrics department.
2025-08-21 10:30:59,613 INFO: The hospital with IK 260320508 and Standortnummer 772825000 does not have an obstetrics department.
2025-08-21 10:30:59,615 INFO: The hospital with IK 260320508 and Standortnummer 773747000 does not have an obstetrics department.
2025-08-21 10:30:59,618 INFO: The hospital with IK 260320520 and Standortnummer 773197000 does not have an obstetrics department.
2025-08-21 10:30:59,657 INFO: The hospital with IK 260320586 and Standortnummer 772915000 does not have an obstetrics department.
2025-08-21 10:30:59,752 INFO: The hospital with IK 260320611 and Standortnummer 773490000 does not have an obstetrics department.
2025-08-21 10:30:59,840 INFO: The hospital with IK 260320688 and Standortnummer 772930000 does not have an obstetrics department.
2025-08-21 10:30:59,840 INFO: The hospital with IK 260320688 and Standortnummer 772931000 does not have an obstetrics department.
2025-08-21 10:30:59,841 INFO: The hospital with IK 260320699 and Standortnummer 771849000 does not have an obstetrics department.
2025-08-21 10:30:59,841 INFO: The hospital with IK 260320757 and Standortnummer 771215000 does not have an obstetrics department.
2025-08-21 10:30:59,841 INFO: The hospital with IK 260320757 and Standortnummer 771291000 does not have an obstetrics department.
2025-08-21 10:30:59,841 INFO: The hospital with IK 260320757 and Standortnummer 771292000 does not have an obstetrics department.
2025-08-21 10:30:59,841 INFO: The hospital with IK 260320757 and Standortnummer 771293000 does not have an obstetrics department.
2025-08-21 10:30:59,841 INFO: The hospital with IK 260320780 and Standortnummer 771006000 does not have an obstetrics department.
2025-08-21 10:30:59,841 INFO: The hospital with IK 260320780 and Standortnummer 771007000 does not have an obstetrics department.
2025-08-21 10:30:59,841 INFO: The hospital with IK 260320780 and Standortnummer 771008000 does not have an obstetrics department.
2025-08-21 10:30:59,841 INFO: The hospital with IK 260320780 and Standortnummer 771009000 does not have an obstetrics department.
2025-08-21 10:30:59,841 INFO: The hospital with IK 260320780 and Standortnummer 771010000 does not have an obstetrics department.
2025-08-21 10:30:59,841 INFO: The hospital with IK 260320804 and Standortnummer 773093000 does not have an obstetrics department.
2025-08-21 10:30:59,841 INFO: The hospital with IK 260320859 and Standortnummer 773000000 does not have an obstetrics department.
2025-08-21 10:30:59,841 INFO: The hospital with IK 260321111 and Standortnummer 773196000 does not have an obstetrics department.
2025-08-21 10:30:59,841 INFO: The hospital with IK 260321224 and Standortnummer 772952000 does not have an obstetrics department.
2025-08-21 10:30:59,873 INFO: The hospital with IK 260321315 and Standortnummer 773553000 does not have an obstetrics department.
2025-08-21 10:30:59,889 INFO: The hospital with IK 260321484 and Standortnummer 772489000 does not have an obstetrics department.
2025-08-21 10:30:59,920 INFO: The hospital with IK 260321509 and Standortnummer 772521000 does not have an obstetrics department.
2025-08-21 10:30:59,920 INFO: The hospital with IK 260321509 and Standortnummer 772522000 does not have an obstetrics department.
2025-08-21 10:30:59,920 INFO: The hospital with IK 260321509 and Standortnummer 772523000 does not have an obstetrics department.
2025-08-21 10:30:59,920 INFO: The hospital with IK 260321509 and Standortnummer 772524000 does not have an obstetrics department.
2025-08-21 10:30:59,920 INFO: The hospital with IK 260321509 and Standortnummer 772525000 does not have an obstetrics department.
2025-08-21 10:30:59,920 INFO: The hospital with IK 260321509 and Standortnummer 772526000 does not have an obstetrics department.
2025-08-21 10:30:59,936 INFO: The hospital with IK 260321521 and Standortnummer 772487000 does not have an obstetrics department.
2025-08-21 10:30:59,936 INFO: The hospital with IK 260321587 and Standortnummer 772944000 does not have an obstetrics department.
2025-08-21 10:30:59,936 INFO: The hospital with IK 260321587 and Standortnummer 772945000 does not have an obstetrics department.
2025-08-21 10:30:59,936 INFO: The hospital with IK 260321587 and Standortnummer 772946000 does not have an obstetrics department.
2025-08-21 10:30:59,936 INFO: The hospital with IK 260321623 and Standortnummer 773262000 does not have an obstetrics department.
2025-08-21 10:30:59,952 INFO: The hospital with IK 260321634 and Standortnummer 772519000 does not have an obstetrics department.
2025-08-21 10:30:59,952 INFO: The hospital with IK 260321656 and Standortnummer 772943000 does not have an obstetrics department.
2025-08-21 10:30:59,952 INFO: The hospital with IK 260321703 and Standortnummer 772727000 does not have an obstetrics department.
2025-08-21 10:30:59,984 INFO: The hospital with IK 260321781 and Standortnummer 772721000 does not have an obstetrics department.
2025-08-21 10:30:59,984 INFO: The hospital with IK 260321805 and Standortnummer 771092000 does not have an obstetrics department.
2025-08-21 10:30:59,997 INFO: The hospital with IK 260330010 and Standortnummer 773343000 does not have an obstetrics department.
2025-08-21 10:30:59,998 INFO: The hospital with IK 260330021 and Standortnummer 771920000 does not have an obstetrics department.
2025-08-21 10:30:59,999 INFO: The hospital with IK 260330054 and Standortnummer 771302000 does not have an obstetrics department.
2025-08-21 10:31:00,158 INFO: The hospital with IK 260330247 and Standortnummer 772204000 does not have an obstetrics department.
2025-08-21 10:31:00,158 INFO: The hospital with IK 260330258 and Standortnummer 772816000 does not have an obstetrics department.
2025-08-21 10:31:00,158 INFO: The hospital with IK 260330258 and Standortnummer 772817000 does not have an obstetrics department.
2025-08-21 10:31:00,158 INFO: The hospital with IK 260330258 and Standortnummer 773775000 does not have an obstetrics department.
2025-08-21 10:31:00,158 INFO: The hospital with IK 260330269 and Standortnummer 773095000 does not have an obstetrics department.
2025-08-21 10:31:00,158 INFO: The hospital with IK 260330281 and Standortnummer 771066000 does not have an obstetrics department.
2025-08-21 10:31:00,158 INFO: The hospital with IK 260330350 and Standortnummer 773292000 does not have an obstetrics department.
2025-08-21 10:31:00,158 INFO: The hospital with IK 260330350 and Standortnummer 773293000 does not have an obstetrics department.
2025-08-21 10:31:00,158 INFO: The hospital with IK 260330350 and Standortnummer 773294000 does not have an obstetrics department.
2025-08-21 10:31:00,158 INFO: The hospital with IK 260330350 and Standortnummer 773507000 does not have an obstetrics department.
2025-08-21 10:31:00,196 INFO: The hospital with IK 260330361 and Standortnummer 773440000 does not have an obstetrics department.
2025-08-21 10:31:00,224 INFO: The hospital with IK 260330407 and Standortnummer 771104000 does not have an obstetrics department.
2025-08-21 10:31:00,225 INFO: The hospital with IK 260330452 and Standortnummer 772100000 does not have an obstetrics department.
2025-08-21 10:31:00,225 INFO: The hospital with IK 260330452 and Standortnummer 773302000 does not have an obstetrics department.
2025-08-21 10:31:00,280 INFO: The hospital with IK 260330485 and Standortnummer 773195000 does not have an obstetrics department.
2025-08-21 10:31:00,359 INFO: The hospital with IK 260330624 and Standortnummer 773307000 does not have an obstetrics department.
2025-08-21 10:31:00,359 INFO: The hospital with IK 260330646 and Standortnummer 771492000 does not have an obstetrics department.
2025-08-21 10:31:00,375 INFO: The hospital with IK 260330691 and Standortnummer 772350000 does not have an obstetrics department.
2025-08-21 10:31:00,375 INFO: The hospital with IK 260330715 and Standortnummer 773581000 does not have an obstetrics department.
2025-08-21 10:31:00,375 INFO: The hospital with IK 260330759 and Standortnummer 773313000 does not have an obstetrics department.
2025-08-21 10:31:00,408 INFO: The hospital with IK 260331022 and Standortnummer 773352000 does not have an obstetrics department.
2025-08-21 10:31:00,411 INFO: The hospital with IK 260331135 and Standortnummer 771772000 does not have an obstetrics department.
2025-08-21 10:31:00,458 WARNING: For the hospital with IK 260340034 and Standortnummer 772239000, the street name was changed from : [[Wallinghausener Str. 8 - 12]] to [[Wallinghausener Str.]]
2025-08-21 10:31:00,459 INFO: The hospital with IK 260340136 and Standortnummer 771901000 does not have an obstetrics department.
2025-08-21 10:31:00,459 INFO: The hospital with IK 260340158 and Standortnummer 772861000 does not have an obstetrics department.
2025-08-21 10:31:00,459 INFO: The hospital with IK 260340170 and Standortnummer 772135000 does not have an obstetrics department.
2025-08-21 10:31:00,459 INFO: The hospital with IK 260340192 and Standortnummer 773098000 does not have an obstetrics department.
2025-08-21 10:31:00,459 INFO: The hospital with IK 260340249 and Standortnummer 772806000 does not have an obstetrics department.
2025-08-21 10:31:00,459 INFO: The hospital with IK 260340250 and Standortnummer 771617000 does not have an obstetrics department.
2025-08-21 10:31:00,501 INFO: The hospital with IK 260340329 and Standortnummer 771897000 does not have an obstetrics department.
2025-08-21 10:31:00,501 INFO: The hospital with IK 260340329 and Standortnummer 771898000 does not have an obstetrics department.
2025-08-21 10:31:00,504 INFO: The hospital with IK 260340385 and Standortnummer 773511000 does not have an obstetrics department.
2025-08-21 10:31:00,505 INFO: The hospital with IK 260340410 and Standortnummer 773497000 does not have an obstetrics department.
2025-08-21 10:31:00,506 INFO: The hospital with IK 260340487 and Standortnummer 771625000 does not have an obstetrics department.
2025-08-21 10:31:00,588 INFO: The hospital with IK 260340568 and Standortnummer 772572000 does not have an obstetrics department.
2025-08-21 10:31:00,665 INFO: The hospital with IK 260340648 and Standortnummer 773261000 does not have an obstetrics department.
2025-08-21 10:31:00,667 INFO: The hospital with IK 260340671 and Standortnummer 772238000 does not have an obstetrics department.
2025-08-21 10:31:00,669 INFO: The hospital with IK 260340706 and Standortnummer 771684000 does not have an obstetrics department.
2025-08-21 10:31:00,672 INFO: The hospital with IK 260340717 and Standortnummer 772264000 does not have an obstetrics department.
2025-08-21 10:31:00,673 INFO: The hospital with IK 260340728 and Standortnummer 771704000 does not have an obstetrics department.
2025-08-21 10:31:00,724 INFO: The hospital with IK 260340773 and Standortnummer 771300000 does not have an obstetrics department.
2025-08-21 10:31:00,756 INFO: The hospital with IK 260340820 and Standortnummer 773359000 does not have an obstetrics department.
2025-08-21 10:31:00,756 INFO: The hospital with IK 260340820 and Standortnummer 773360000 does not have an obstetrics department.
2025-08-21 10:31:00,804 INFO: The hospital with IK 260340831 and Standortnummer 773437000 does not have an obstetrics department.
2025-08-21 10:31:00,865 INFO: The hospital with IK 260340853 and Standortnummer 771559000 does not have an obstetrics department.
2025-08-21 10:31:00,878 INFO: The hospital with IK 260340886 and Standortnummer 772441000 does not have an obstetrics department.
2025-08-21 10:31:00,952 INFO: The hospital with IK 260340900 and Standortnummer 771424000 does not have an obstetrics department.
2025-08-21 10:31:00,975 INFO: The hospital with IK 260340966 and Standortnummer 771573000 does not have an obstetrics department.
2025-08-21 10:31:01,026 INFO: The hospital with IK 260341013 and Standortnummer 772480000 does not have an obstetrics department.
2025-08-21 10:31:01,076 INFO: The hospital with IK 260341091 and Standortnummer 773173000 does not have an obstetrics department.
2025-08-21 10:31:01,076 INFO: The hospital with IK 260341115 and Standortnummer 773710000 does not have an obstetrics department.
2025-08-21 10:31:01,176 INFO: The hospital with IK 260341488 and Standortnummer 772312000 does not have an obstetrics department.
2025-08-21 10:31:01,176 INFO: The hospital with IK 260341569 and Standortnummer 773351000 does not have an obstetrics department.
2025-08-21 10:31:01,176 INFO: The hospital with IK 260341616 and Standortnummer 771522000 does not have an obstetrics department.
2025-08-21 10:31:01,176 INFO: The hospital with IK 260341616 and Standortnummer 771523000 does not have an obstetrics department.
2025-08-21 10:31:01,210 INFO: The hospital with IK 260342014 and Standortnummer 771638000 does not have an obstetrics department.
2025-08-21 10:31:01,210 INFO: The hospital with IK 260342183 and Standortnummer 771127000 does not have an obstetrics department.
2025-08-21 10:31:01,210 INFO: The hospital with IK 260342183 and Standortnummer 771128000 does not have an obstetrics department.
2025-08-21 10:31:01,225 INFO: The hospital with IK 260342218 and Standortnummer 772024000 does not have an obstetrics department.
2025-08-21 10:31:01,226 INFO: The hospital with IK 260342285 and Standortnummer 771081000 does not have an obstetrics department.
2025-08-21 10:31:01,226 INFO: The hospital with IK 260342310 and Standortnummer 773382000 does not have an obstetrics department.
2025-08-21 10:31:01,292 INFO: The hospital with IK 260400026 and Standortnummer 772978000 does not have an obstetrics department.
2025-08-21 10:31:01,309 INFO: The hospital with IK 260400037 and Standortnummer 772838000 does not have an obstetrics department.
2025-08-21 10:31:01,409 INFO: The hospital with IK 260400093 and Standortnummer 773155000 does not have an obstetrics department.
2025-08-21 10:31:01,409 INFO: The hospital with IK 260400106 and Standortnummer 771520000 does not have an obstetrics department.
2025-08-21 10:31:01,409 INFO: The hospital with IK 260400117 and Standortnummer 773377000 does not have an obstetrics department.
2025-08-21 10:31:01,409 INFO: The hospital with IK 260400139 and Standortnummer 772070000 does not have an obstetrics department.
2025-08-21 10:31:01,442 INFO: The hospital with IK 260400184 and Standortnummer 771117000 does not have an obstetrics department.
2025-08-21 10:31:01,459 INFO: The hospital with IK 260400195 and Standortnummer 772678000 does not have an obstetrics department.
2025-08-21 10:31:01,459 INFO: The hospital with IK 260400219 and Standortnummer 772690000 does not have an obstetrics department.
2025-08-21 10:31:01,459 INFO: The hospital with IK 260400300 and Standortnummer 773552000 does not have an obstetrics department.
2025-08-21 10:31:01,459 INFO: The hospital with IK 260500185 and Standortnummer 773245000 does not have an obstetrics department.
2025-08-21 10:31:01,459 INFO: The hospital with IK 260500243 and Standortnummer 773603000 does not have an obstetrics department.
2025-08-21 10:31:01,459 INFO: The hospital with IK 260500254 and Standortnummer 772646000 does not have an obstetrics department.
2025-08-21 10:31:01,475 INFO: The hospital with IK 260500298 and Standortnummer 771965000 does not have an obstetrics department.
2025-08-21 10:31:01,476 INFO: The hospital with IK 260500378 and Standortnummer 773288000 does not have an obstetrics department.
2025-08-21 10:31:01,476 INFO: The hospital with IK 260500389 and Standortnummer 772373000 does not have an obstetrics department.
2025-08-21 10:31:01,476 WARNING: No corresponding file ending in xml.xml found for hospital with IK 260500470 and Standortnummer 772560000
2025-08-21 10:31:01,510 INFO: The hospital with IK 260500620 and Standortnummer 772515000 does not have an obstetrics department.
2025-08-21 10:31:01,510 INFO: The hospital with IK 260500620 and Standortnummer 772516000 does not have an obstetrics department.
2025-08-21 10:31:01,510 INFO: The hospital with IK 260500868 and Standortnummer 773404000 does not have an obstetrics department.
2025-08-21 10:31:01,510 INFO: The hospital with IK 260501244 and Standortnummer 773782000 does not have an obstetrics department.
2025-08-21 10:31:01,510 INFO: The hospital with IK 260501632 and Standortnummer 771618000 does not have an obstetrics department.
2025-08-21 10:31:01,626 INFO: The hospital with IK 260510029 and Standortnummer 772275000 does not have an obstetrics department.
2025-08-21 10:31:01,643 INFO: The hospital with IK 260510085 and Standortnummer 772419000 does not have an obstetrics department.
2025-08-21 10:31:01,760 INFO: The hospital with IK 260510143 and Standortnummer 772595000 does not have an obstetrics department.
2025-08-21 10:31:01,760 INFO: The hospital with IK 260510165 and Standortnummer 771570000 does not have an obstetrics department.
2025-08-21 10:31:01,760 INFO: The hospital with IK 260510212 and Standortnummer 773002000 does not have an obstetrics department.
2025-08-21 10:31:01,802 INFO: The hospital with IK 260510223 and Standortnummer 773308000 does not have an obstetrics department.
2025-08-21 10:31:01,843 INFO: Not enough births in hospital with IK 260510256 and Standortnummer 771549000 to report statistics.
2025-08-21 10:31:01,858 INFO: The hospital with IK 260510325 and Standortnummer 771251000 does not have an obstetrics department.
2025-08-21 10:31:01,858 INFO: The hospital with IK 260510325 and Standortnummer 771252000 does not have an obstetrics department.
2025-08-21 10:31:01,858 INFO: The hospital with IK 260510325 and Standortnummer 771253000 does not have an obstetrics department.
2025-08-21 10:31:01,873 INFO: The hospital with IK 260510325 and Standortnummer 771258000 does not have an obstetrics department.
2025-08-21 10:31:01,889 INFO: The hospital with IK 260510381 and Standortnummer 771966000 does not have an obstetrics department.
2025-08-21 10:31:01,970 INFO: The hospital with IK 260510405 and Standortnummer 772016000 does not have an obstetrics department.
2025-08-21 10:31:02,001 INFO: The hospital with IK 260510494 and Standortnummer 772133000 does not have an obstetrics department.
2025-08-21 10:31:02,001 INFO: The hospital with IK 260510508 and Standortnummer 773166000 does not have an obstetrics department.
2025-08-21 10:31:02,017 INFO: The hospital with IK 260510508 and Standortnummer 773167000 does not have an obstetrics department.
2025-08-21 10:31:02,017 INFO: The hospital with IK 260510508 and Standortnummer 773168000 does not have an obstetrics department.
2025-08-21 10:31:02,049 INFO: The hospital with IK 260510542 and Standortnummer 771539000 does not have an obstetrics department.
2025-08-21 10:31:02,049 INFO: The hospital with IK 260510542 and Standortnummer 771540000 does not have an obstetrics department.
2025-08-21 10:31:02,049 INFO: The hospital with IK 260510575 and Standortnummer 772315000 does not have an obstetrics department.
2025-08-21 10:31:02,129 INFO: The hospital with IK 260510586 and Standortnummer 772603000 does not have an obstetrics department.
2025-08-21 10:31:02,129 INFO: The hospital with IK 260510600 and Standortnummer 773100000 does not have an obstetrics department.
2025-08-21 10:31:02,129 INFO: The hospital with IK 260510600 and Standortnummer 773101000 does not have an obstetrics department.
2025-08-21 10:31:02,129 INFO: The hospital with IK 260510600 and Standortnummer 773757000 does not have an obstetrics department.
2025-08-21 10:31:02,129 INFO: The hospital with IK 260510611 and Standortnummer 771123000 does not have an obstetrics department.
2025-08-21 10:31:02,178 INFO: The hospital with IK 260510666 and Standortnummer 771555000 does not have an obstetrics department.
2025-08-21 10:31:02,178 INFO: The hospital with IK 260510699 and Standortnummer 772781000 does not have an obstetrics department.
2025-08-21 10:31:02,178 INFO: The hospital with IK 260510713 and Standortnummer 771228000 does not have an obstetrics department.
2025-08-21 10:31:02,178 INFO: The hospital with IK 260510713 and Standortnummer 771353000 does not have an obstetrics department.
2025-08-21 10:31:02,178 INFO: The hospital with IK 260510713 and Standortnummer 773810000 does not have an obstetrics department.
2025-08-21 10:31:02,193 INFO: The hospital with IK 260510735 and Standortnummer 773176000 does not have an obstetrics department.
2025-08-21 10:31:02,227 INFO: The hospital with IK 260510768 and Standortnummer 773060000 does not have an obstetrics department.
2025-08-21 10:31:02,277 INFO: The hospital with IK 260510791 and Standortnummer 772081000 does not have an obstetrics department.
2025-08-21 10:31:02,277 INFO: The hospital with IK 260510791 and Standortnummer 772082000 does not have an obstetrics department.
2025-08-21 10:31:02,343 INFO: The hospital with IK 260510860 and Standortnummer 772775000 does not have an obstetrics department.
2025-08-21 10:31:02,343 INFO: The hospital with IK 260510860 and Standortnummer 772776000 does not have an obstetrics department.
2025-08-21 10:31:02,343 INFO: The hospital with IK 260510860 and Standortnummer 772777000 does not have an obstetrics department.
2025-08-21 10:31:02,343 INFO: The hospital with IK 260510860 and Standortnummer 772778000 does not have an obstetrics department.
2025-08-21 10:31:02,343 INFO: The hospital with IK 260510860 and Standortnummer 772779000 does not have an obstetrics department.
2025-08-21 10:31:02,343 INFO: The hospital with IK 260510860 and Standortnummer 773219000 does not have an obstetrics department.
2025-08-21 10:31:02,343 INFO: The hospital with IK 260510860 and Standortnummer 773220000 does not have an obstetrics department.
2025-08-21 10:31:02,393 INFO: The hospital with IK 260510882 and Standortnummer 771410000 does not have an obstetrics department.
2025-08-21 10:31:02,393 INFO: The hospital with IK 260510893 and Standortnummer 773165000 does not have an obstetrics department.
2025-08-21 10:31:02,460 INFO: The hospital with IK 260510906 and Standortnummer 772692000 does not have an obstetrics department.
2025-08-21 10:31:02,460 INFO: The hospital with IK 260510906 and Standortnummer 773416000 does not have an obstetrics department.
2025-08-21 10:31:02,460 INFO: The hospital with IK 260510939 and Standortnummer 771562000 does not have an obstetrics department.
2025-08-21 10:31:02,460 INFO: The hospital with IK 260510939 and Standortnummer 771563000 does not have an obstetrics department.
2025-08-21 10:31:02,493 INFO: The hospital with IK 260510962 and Standortnummer 772019000 does not have an obstetrics department.
2025-08-21 10:31:02,493 INFO: The hospital with IK 260510962 and Standortnummer 772020000 does not have an obstetrics department.
2025-08-21 10:31:02,493 INFO: The hospital with IK 260510973 and Standortnummer 772151000 does not have an obstetrics department.
2025-08-21 10:31:02,510 INFO: The xml file for the hospital with IK 260820514 and Standortnummer 773704000 does not follow the expected structure.
2025-08-21 10:31:02,510 INFO: Not enough births in hospital with IK 260841041 and Standortnummer 772739000 to report statistics.
2025-08-21 10:31:02,510 WARNING: No corresponding file ending in xml.xml found for hospital with IK 260841041 and Standortnummer 772739000
2025-08-21 10:31:02,543 WARNING: No corresponding file ending in xml.xml found for hospital with IK 260971937 and Standortnummer 773625000
2025-08-21 10:31:02,710 INFO: The hospital with IK 261101015 and Standortnummer 773685000 does not have an obstetrics department.
2025-08-21 10:31:02,720 WARNING: No corresponding file ending in xml.xml found for hospital with IK 261101015 and Standortnummer 773686000
2025-08-21 10:31:02,725 INFO: The hospital with IK 261101015 and Standortnummer 773751000 does not have an obstetrics department.
2025-08-21 10:31:02,727 WARNING: No corresponding file ending in xml.xml found for hospital with IK 261101311 and Standortnummer 772832000
2025-08-21 10:31:02,727 WARNING: No corresponding file ending in xml.xml found for hospital with IK 261101561 and Standortnummer 773065000
2025-08-21 10:31:02,743 WARNING: No corresponding file ending in xml.xml found for hospital with IK 261500416 and Standortnummer 773081000
2025-08-21 10:31:02,744 WARNING: No corresponding file ending in xml.xml found for hospital with IK 261500416 and Standortnummer 773082000
2025-08-21 10:31:02,780 INFO: Processing completed: 128 hospitals total, 3 hospitals of those with not enough births to report statistics
